<?xml version="1.0" encoding="UTF-8"?>
<robot generator="Robot 6.0.2 (Python 3.10.9 on linux)" generated="20230226 00:34:05.621" rpa="false" schemaversion="3">
<suite id="s1" name="E2E Tests" source="/home/pstrkcz/Documents/RobotFmTests/robot-fm-tests/e2e_tests">
<suite id="s1-s1" name="testAssignedTasks" source="/home/pstrkcz/Documents/RobotFmTests/robot-fm-tests/e2e_tests/testAssignedTasks.robot">
<test id="s1-s1-t1" name="Chech That All Tasks Counter Is Visible" line="9">
<kw name="login in to testarena" library="resource" type="SETUP">
<kw name="open the browser with the Testarena url" library="resource">
<kw name="Create Webdriver" library="SeleniumLibrary">
<arg>${BROWSER}</arg>
<doc>Creates an instance of Selenium WebDriver.</doc>
<msg timestamp="20230226 00:34:05.763" level="INFO">Creating an instance of the Firefox WebDriver.</msg>
<status status="PASS" starttime="20230226 00:34:05.763" endtime="20230226 00:34:07.666"/>
</kw>
<kw name="Go To" library="SeleniumLibrary">
<arg>${URL}</arg>
<doc>Navigates the current browser window to the provided ``url``.</doc>
<msg timestamp="20230226 00:34:07.666" level="INFO">Opening url 'http://demo.testarena.pl/zaloguj'</msg>
<status status="PASS" starttime="20230226 00:34:07.666" endtime="20230226 00:34:09.585"/>
</kw>
<status status="PASS" starttime="20230226 00:34:05.763" endtime="20230226 00:34:09.586"/>
</kw>
<kw name="fill the login form" library="resource">
<arg>${EMAIL}</arg>
<arg>${PASSWORD}</arg>
<kw name="Input Text" library="SeleniumLibrary">
<arg>${email_field}</arg>
<arg>${email}</arg>
<doc>Types the given ``text`` into the text field identified by ``locator``.</doc>
<msg timestamp="20230226 00:34:09.587" level="INFO">Typing text 'administrator@testarena.pl' into text field 'id:email'.</msg>
<status status="PASS" starttime="20230226 00:34:09.586" endtime="20230226 00:34:09.624"/>
</kw>
<kw name="Input Password" library="SeleniumLibrary">
<arg>${password_field}</arg>
<arg>${password}</arg>
<doc>Types the given password into the text field identified by ``locator``.</doc>
<msg timestamp="20230226 00:34:09.625" level="INFO">Typing password into text field 'id:password'.</msg>
<msg timestamp="20230226 00:34:09.630" level="INFO">Temporally setting log level to: NONE</msg>
<msg timestamp="20230226 00:34:09.637" level="INFO">Log level changed from NONE to INFO.</msg>
<status status="PASS" starttime="20230226 00:34:09.624" endtime="20230226 00:34:09.637"/>
</kw>
<kw name="Click Button" library="SeleniumLibrary">
<arg>${login_button}</arg>
<doc>Clicks the button identified by ``locator``.</doc>
<msg timestamp="20230226 00:34:09.638" level="INFO">Clicking button 'login'.</msg>
<status status="PASS" starttime="20230226 00:34:09.637" endtime="20230226 00:34:10.151"/>
</kw>
<status status="PASS" starttime="20230226 00:34:09.586" endtime="20230226 00:34:10.152"/>
</kw>
<kw name="Wait Until Element Is Visible" library="SeleniumLibrary">
<arg>${logout_button}</arg>
<doc>Waits until the element ``locator`` is visible.</doc>
<status status="PASS" starttime="20230226 00:34:10.152" endtime="20230226 00:34:10.174"/>
</kw>
<status status="PASS" starttime="20230226 00:34:05.762" endtime="20230226 00:34:10.175"/>
</kw>
<kw name="Element Should Be Visible" library="SeleniumLibrary">
<arg>${all_tasks_count_prompt}</arg>
<arg>All tasks counter is not visible</arg>
<doc>Verifies that the element identified by ``locator`` is visible.</doc>
<msg timestamp="20230226 00:34:10.202" level="INFO">Element '//*[@class='dsb-content-main']/a/h6' is displayed.</msg>
<status status="PASS" starttime="20230226 00:34:10.176" endtime="20230226 00:34:10.202"/>
</kw>
<kw name="End Test Case" library="resource" type="TEARDOWN">
<kw name="Close Browser" library="SeleniumLibrary">
<doc>Closes the current browser.</doc>
<status status="PASS" starttime="20230226 00:34:10.203" endtime="20230226 00:34:10.632"/>
</kw>
<status status="PASS" starttime="20230226 00:34:10.203" endtime="20230226 00:34:10.632"/>
</kw>
<status status="PASS" starttime="20230226 00:34:05.762" endtime="20230226 00:34:10.632"/>
</test>
<test id="s1-s1-t2" name="Check That New Tasks Counter Is Visible" line="13">
<kw name="login in to testarena" library="resource" type="SETUP">
<kw name="open the browser with the Testarena url" library="resource">
<kw name="Create Webdriver" library="SeleniumLibrary">
<arg>${BROWSER}</arg>
<doc>Creates an instance of Selenium WebDriver.</doc>
<msg timestamp="20230226 00:34:10.634" level="INFO">Creating an instance of the Firefox WebDriver.</msg>
<status status="PASS" starttime="20230226 00:34:10.633" endtime="20230226 00:34:13.270"/>
</kw>
<kw name="Go To" library="SeleniumLibrary">
<arg>${URL}</arg>
<doc>Navigates the current browser window to the provided ``url``.</doc>
<msg timestamp="20230226 00:34:13.270" level="INFO">Opening url 'http://demo.testarena.pl/zaloguj'</msg>
<status status="PASS" starttime="20230226 00:34:13.270" endtime="20230226 00:34:15.249"/>
</kw>
<status status="PASS" starttime="20230226 00:34:10.633" endtime="20230226 00:34:15.250"/>
</kw>
<kw name="fill the login form" library="resource">
<arg>${EMAIL}</arg>
<arg>${PASSWORD}</arg>
<kw name="Input Text" library="SeleniumLibrary">
<arg>${email_field}</arg>
<arg>${email}</arg>
<doc>Types the given ``text`` into the text field identified by ``locator``.</doc>
<msg timestamp="20230226 00:34:15.251" level="INFO">Typing text 'administrator@testarena.pl' into text field 'id:email'.</msg>
<status status="PASS" starttime="20230226 00:34:15.250" endtime="20230226 00:34:15.290"/>
</kw>
<kw name="Input Password" library="SeleniumLibrary">
<arg>${password_field}</arg>
<arg>${password}</arg>
<doc>Types the given password into the text field identified by ``locator``.</doc>
<msg timestamp="20230226 00:34:15.290" level="INFO">Typing password into text field 'id:password'.</msg>
<msg timestamp="20230226 00:34:15.295" level="INFO">Temporally setting log level to: NONE</msg>
<msg timestamp="20230226 00:34:15.302" level="INFO">Log level changed from NONE to INFO.</msg>
<status status="PASS" starttime="20230226 00:34:15.290" endtime="20230226 00:34:15.302"/>
</kw>
<kw name="Click Button" library="SeleniumLibrary">
<arg>${login_button}</arg>
<doc>Clicks the button identified by ``locator``.</doc>
<msg timestamp="20230226 00:34:15.302" level="INFO">Clicking button 'login'.</msg>
<status status="PASS" starttime="20230226 00:34:15.302" endtime="20230226 00:34:15.884"/>
</kw>
<status status="PASS" starttime="20230226 00:34:15.250" endtime="20230226 00:34:15.885"/>
</kw>
<kw name="Wait Until Element Is Visible" library="SeleniumLibrary">
<arg>${logout_button}</arg>
<doc>Waits until the element ``locator`` is visible.</doc>
<status status="PASS" starttime="20230226 00:34:15.885" endtime="20230226 00:34:15.924"/>
</kw>
<status status="PASS" starttime="20230226 00:34:10.633" endtime="20230226 00:34:15.924"/>
</kw>
<kw name="Element Should Be Visible" library="SeleniumLibrary">
<arg>${new_tasks_count_prompt}</arg>
<arg>New tasks counter is not visible</arg>
<doc>Verifies that the element identified by ``locator`` is visible.</doc>
<msg timestamp="20230226 00:34:15.945" level="INFO">Element '//*[@class='dsb-content-second'][1]/a/h6' is displayed.</msg>
<status status="PASS" starttime="20230226 00:34:15.924" endtime="20230226 00:34:15.945"/>
</kw>
<kw name="End Test Case" library="resource" type="TEARDOWN">
<kw name="Close Browser" library="SeleniumLibrary">
<doc>Closes the current browser.</doc>
<status status="PASS" starttime="20230226 00:34:15.946" endtime="20230226 00:34:16.349"/>
</kw>
<status status="PASS" starttime="20230226 00:34:15.945" endtime="20230226 00:34:16.350"/>
</kw>
<status status="PASS" starttime="20230226 00:34:10.633" endtime="20230226 00:34:16.350"/>
</test>
<test id="s1-s1-t3" name="Check That Reopened Tasks Counter Is Visible" line="17">
<kw name="login in to testarena" library="resource" type="SETUP">
<kw name="open the browser with the Testarena url" library="resource">
<kw name="Create Webdriver" library="SeleniumLibrary">
<arg>${BROWSER}</arg>
<doc>Creates an instance of Selenium WebDriver.</doc>
<msg timestamp="20230226 00:34:16.351" level="INFO">Creating an instance of the Firefox WebDriver.</msg>
<status status="PASS" starttime="20230226 00:34:16.351" endtime="20230226 00:34:18.902"/>
</kw>
<kw name="Go To" library="SeleniumLibrary">
<arg>${URL}</arg>
<doc>Navigates the current browser window to the provided ``url``.</doc>
<msg timestamp="20230226 00:34:18.903" level="INFO">Opening url 'http://demo.testarena.pl/zaloguj'</msg>
<status status="PASS" starttime="20230226 00:34:18.902" endtime="20230226 00:34:20.607"/>
</kw>
<status status="PASS" starttime="20230226 00:34:16.351" endtime="20230226 00:34:20.607"/>
</kw>
<kw name="fill the login form" library="resource">
<arg>${EMAIL}</arg>
<arg>${PASSWORD}</arg>
<kw name="Input Text" library="SeleniumLibrary">
<arg>${email_field}</arg>
<arg>${email}</arg>
<doc>Types the given ``text`` into the text field identified by ``locator``.</doc>
<msg timestamp="20230226 00:34:20.608" level="INFO">Typing text 'administrator@testarena.pl' into text field 'id:email'.</msg>
<status status="PASS" starttime="20230226 00:34:20.607" endtime="20230226 00:34:20.646"/>
</kw>
<kw name="Input Password" library="SeleniumLibrary">
<arg>${password_field}</arg>
<arg>${password}</arg>
<doc>Types the given password into the text field identified by ``locator``.</doc>
<msg timestamp="20230226 00:34:20.647" level="INFO">Typing password into text field 'id:password'.</msg>
<msg timestamp="20230226 00:34:20.652" level="INFO">Temporally setting log level to: NONE</msg>
<msg timestamp="20230226 00:34:20.659" level="INFO">Log level changed from NONE to INFO.</msg>
<status status="PASS" starttime="20230226 00:34:20.646" endtime="20230226 00:34:20.659"/>
</kw>
<kw name="Click Button" library="SeleniumLibrary">
<arg>${login_button}</arg>
<doc>Clicks the button identified by ``locator``.</doc>
<msg timestamp="20230226 00:34:20.659" level="INFO">Clicking button 'login'.</msg>
<status status="PASS" starttime="20230226 00:34:20.659" endtime="20230226 00:34:21.107"/>
</kw>
<status status="PASS" starttime="20230226 00:34:20.607" endtime="20230226 00:34:21.107"/>
</kw>
<kw name="Wait Until Element Is Visible" library="SeleniumLibrary">
<arg>${logout_button}</arg>
<doc>Waits until the element ``locator`` is visible.</doc>
<status status="PASS" starttime="20230226 00:34:21.107" endtime="20230226 00:34:21.125"/>
</kw>
<status status="PASS" starttime="20230226 00:34:16.350" endtime="20230226 00:34:21.125"/>
</kw>
<kw name="Element Should Be Visible" library="SeleniumLibrary">
<arg>${reopened_tasks_count_prompt}</arg>
<arg>Reopened tasks counter is not visible</arg>
<doc>Verifies that the element identified by ``locator`` is visible.</doc>
<msg timestamp="20230226 00:34:21.141" level="INFO">Element '//*[@class='dsb-content-second'][2]/a/h6' is displayed.</msg>
<status status="PASS" starttime="20230226 00:34:21.125" endtime="20230226 00:34:21.141"/>
</kw>
<kw name="End Test Case" library="resource" type="TEARDOWN">
<kw name="Close Browser" library="SeleniumLibrary">
<doc>Closes the current browser.</doc>
<status status="PASS" starttime="20230226 00:34:21.141" endtime="20230226 00:34:21.532"/>
</kw>
<status status="PASS" starttime="20230226 00:34:21.141" endtime="20230226 00:34:21.532"/>
</kw>
<status status="PASS" starttime="20230226 00:34:16.350" endtime="20230226 00:34:21.532"/>
</test>
<test id="s1-s1-t4" name="Check That In Progress Tasks Counter Is Visible" line="21">
<kw name="login in to testarena" library="resource" type="SETUP">
<kw name="open the browser with the Testarena url" library="resource">
<kw name="Create Webdriver" library="SeleniumLibrary">
<arg>${BROWSER}</arg>
<doc>Creates an instance of Selenium WebDriver.</doc>
<msg timestamp="20230226 00:34:21.534" level="INFO">Creating an instance of the Firefox WebDriver.</msg>
<status status="PASS" starttime="20230226 00:34:21.533" endtime="20230226 00:34:23.896"/>
</kw>
<kw name="Go To" library="SeleniumLibrary">
<arg>${URL}</arg>
<doc>Navigates the current browser window to the provided ``url``.</doc>
<msg timestamp="20230226 00:34:23.897" level="INFO">Opening url 'http://demo.testarena.pl/zaloguj'</msg>
<status status="PASS" starttime="20230226 00:34:23.896" endtime="20230226 00:34:25.690"/>
</kw>
<status status="PASS" starttime="20230226 00:34:21.533" endtime="20230226 00:34:25.691"/>
</kw>
<kw name="fill the login form" library="resource">
<arg>${EMAIL}</arg>
<arg>${PASSWORD}</arg>
<kw name="Input Text" library="SeleniumLibrary">
<arg>${email_field}</arg>
<arg>${email}</arg>
<doc>Types the given ``text`` into the text field identified by ``locator``.</doc>
<msg timestamp="20230226 00:34:25.692" level="INFO">Typing text 'administrator@testarena.pl' into text field 'id:email'.</msg>
<status status="PASS" starttime="20230226 00:34:25.691" endtime="20230226 00:34:25.729"/>
</kw>
<kw name="Input Password" library="SeleniumLibrary">
<arg>${password_field}</arg>
<arg>${password}</arg>
<doc>Types the given password into the text field identified by ``locator``.</doc>
<msg timestamp="20230226 00:34:25.730" level="INFO">Typing password into text field 'id:password'.</msg>
<msg timestamp="20230226 00:34:25.735" level="INFO">Temporally setting log level to: NONE</msg>
<msg timestamp="20230226 00:34:25.742" level="INFO">Log level changed from NONE to INFO.</msg>
<status status="PASS" starttime="20230226 00:34:25.729" endtime="20230226 00:34:25.743"/>
</kw>
<kw name="Click Button" library="SeleniumLibrary">
<arg>${login_button}</arg>
<doc>Clicks the button identified by ``locator``.</doc>
<msg timestamp="20230226 00:34:25.743" level="INFO">Clicking button 'login'.</msg>
<status status="PASS" starttime="20230226 00:34:25.743" endtime="20230226 00:34:26.253"/>
</kw>
<status status="PASS" starttime="20230226 00:34:25.691" endtime="20230226 00:34:26.253"/>
</kw>
<kw name="Wait Until Element Is Visible" library="SeleniumLibrary">
<arg>${logout_button}</arg>
<doc>Waits until the element ``locator`` is visible.</doc>
<status status="PASS" starttime="20230226 00:34:26.253" endtime="20230226 00:34:26.284"/>
</kw>
<status status="PASS" starttime="20230226 00:34:21.533" endtime="20230226 00:34:26.284"/>
</kw>
<kw name="Element Should Be Visible" library="SeleniumLibrary">
<arg>${in_progress_tasks_count_prompt}</arg>
<arg>In progress tasks counter is not visible</arg>
<doc>Verifies that the element identified by ``locator`` is visible.</doc>
<msg timestamp="20230226 00:34:26.301" level="INFO">Element '//*[@class='dsb-content-second'][3]/a/h6' is displayed.</msg>
<status status="PASS" starttime="20230226 00:34:26.285" endtime="20230226 00:34:26.301"/>
</kw>
<kw name="End Test Case" library="resource" type="TEARDOWN">
<kw name="Close Browser" library="SeleniumLibrary">
<doc>Closes the current browser.</doc>
<status status="PASS" starttime="20230226 00:34:26.302" endtime="20230226 00:34:26.710"/>
</kw>
<status status="PASS" starttime="20230226 00:34:26.301" endtime="20230226 00:34:26.710"/>
</kw>
<status status="PASS" starttime="20230226 00:34:21.533" endtime="20230226 00:34:26.710"/>
</test>
<test id="s1-s1-t5" name="Check That Closed Tasks Counter Is Visible" line="25">
<kw name="login in to testarena" library="resource" type="SETUP">
<kw name="open the browser with the Testarena url" library="resource">
<kw name="Create Webdriver" library="SeleniumLibrary">
<arg>${BROWSER}</arg>
<doc>Creates an instance of Selenium WebDriver.</doc>
<msg timestamp="20230226 00:34:26.712" level="INFO">Creating an instance of the Firefox WebDriver.</msg>
<status status="PASS" starttime="20230226 00:34:26.712" endtime="20230226 00:34:29.135"/>
</kw>
<kw name="Go To" library="SeleniumLibrary">
<arg>${URL}</arg>
<doc>Navigates the current browser window to the provided ``url``.</doc>
<msg timestamp="20230226 00:34:29.136" level="INFO">Opening url 'http://demo.testarena.pl/zaloguj'</msg>
<status status="PASS" starttime="20230226 00:34:29.135" endtime="20230226 00:34:30.893"/>
</kw>
<status status="PASS" starttime="20230226 00:34:26.712" endtime="20230226 00:34:30.893"/>
</kw>
<kw name="fill the login form" library="resource">
<arg>${EMAIL}</arg>
<arg>${PASSWORD}</arg>
<kw name="Input Text" library="SeleniumLibrary">
<arg>${email_field}</arg>
<arg>${email}</arg>
<doc>Types the given ``text`` into the text field identified by ``locator``.</doc>
<msg timestamp="20230226 00:34:30.894" level="INFO">Typing text 'administrator@testarena.pl' into text field 'id:email'.</msg>
<status status="PASS" starttime="20230226 00:34:30.893" endtime="20230226 00:34:30.932"/>
</kw>
<kw name="Input Password" library="SeleniumLibrary">
<arg>${password_field}</arg>
<arg>${password}</arg>
<doc>Types the given password into the text field identified by ``locator``.</doc>
<msg timestamp="20230226 00:34:30.933" level="INFO">Typing password into text field 'id:password'.</msg>
<msg timestamp="20230226 00:34:30.937" level="INFO">Temporally setting log level to: NONE</msg>
<msg timestamp="20230226 00:34:30.944" level="INFO">Log level changed from NONE to INFO.</msg>
<status status="PASS" starttime="20230226 00:34:30.932" endtime="20230226 00:34:30.944"/>
</kw>
<kw name="Click Button" library="SeleniumLibrary">
<arg>${login_button}</arg>
<doc>Clicks the button identified by ``locator``.</doc>
<msg timestamp="20230226 00:34:30.945" level="INFO">Clicking button 'login'.</msg>
<status status="PASS" starttime="20230226 00:34:30.944" endtime="20230226 00:34:31.427"/>
</kw>
<status status="PASS" starttime="20230226 00:34:30.893" endtime="20230226 00:34:31.428"/>
</kw>
<kw name="Wait Until Element Is Visible" library="SeleniumLibrary">
<arg>${logout_button}</arg>
<doc>Waits until the element ``locator`` is visible.</doc>
<status status="PASS" starttime="20230226 00:34:31.428" endtime="20230226 00:34:31.448"/>
</kw>
<status status="PASS" starttime="20230226 00:34:26.711" endtime="20230226 00:34:31.448"/>
</kw>
<kw name="Element Should Be Visible" library="SeleniumLibrary">
<arg>${closed_tasks_count_prompt}</arg>
<arg>Closed tasks counter is not visible</arg>
<doc>Verifies that the element identified by ``locator`` is visible.</doc>
<msg timestamp="20230226 00:34:31.482" level="INFO">Element '//*[@class='dsb-content-second'][4]/a/h6' is displayed.</msg>
<status status="PASS" starttime="20230226 00:34:31.448" endtime="20230226 00:34:31.482"/>
</kw>
<kw name="End Test Case" library="resource" type="TEARDOWN">
<kw name="Close Browser" library="SeleniumLibrary">
<doc>Closes the current browser.</doc>
<status status="PASS" starttime="20230226 00:34:31.482" endtime="20230226 00:34:31.878"/>
</kw>
<status status="PASS" starttime="20230226 00:34:31.482" endtime="20230226 00:34:31.878"/>
</kw>
<status status="PASS" starttime="20230226 00:34:26.711" endtime="20230226 00:34:31.878"/>
</test>
<test id="s1-s1-t6" name="Check That Sum Of All Tasks Is Correct" line="29">
<kw name="login in to testarena" library="resource" type="SETUP">
<kw name="open the browser with the Testarena url" library="resource">
<kw name="Create Webdriver" library="SeleniumLibrary">
<arg>${BROWSER}</arg>
<doc>Creates an instance of Selenium WebDriver.</doc>
<msg timestamp="20230226 00:34:31.879" level="INFO">Creating an instance of the Firefox WebDriver.</msg>
<status status="PASS" starttime="20230226 00:34:31.879" endtime="20230226 00:34:34.317"/>
</kw>
<kw name="Go To" library="SeleniumLibrary">
<arg>${URL}</arg>
<doc>Navigates the current browser window to the provided ``url``.</doc>
<msg timestamp="20230226 00:34:34.317" level="INFO">Opening url 'http://demo.testarena.pl/zaloguj'</msg>
<status status="PASS" starttime="20230226 00:34:34.317" endtime="20230226 00:34:36.089"/>
</kw>
<status status="PASS" starttime="20230226 00:34:31.879" endtime="20230226 00:34:36.089"/>
</kw>
<kw name="fill the login form" library="resource">
<arg>${EMAIL}</arg>
<arg>${PASSWORD}</arg>
<kw name="Input Text" library="SeleniumLibrary">
<arg>${email_field}</arg>
<arg>${email}</arg>
<doc>Types the given ``text`` into the text field identified by ``locator``.</doc>
<msg timestamp="20230226 00:34:36.090" level="INFO">Typing text 'administrator@testarena.pl' into text field 'id:email'.</msg>
<status status="PASS" starttime="20230226 00:34:36.089" endtime="20230226 00:34:36.129"/>
</kw>
<kw name="Input Password" library="SeleniumLibrary">
<arg>${password_field}</arg>
<arg>${password}</arg>
<doc>Types the given password into the text field identified by ``locator``.</doc>
<msg timestamp="20230226 00:34:36.130" level="INFO">Typing password into text field 'id:password'.</msg>
<msg timestamp="20230226 00:34:36.135" level="INFO">Temporally setting log level to: NONE</msg>
<msg timestamp="20230226 00:34:36.142" level="INFO">Log level changed from NONE to INFO.</msg>
<status status="PASS" starttime="20230226 00:34:36.129" endtime="20230226 00:34:36.142"/>
</kw>
<kw name="Click Button" library="SeleniumLibrary">
<arg>${login_button}</arg>
<doc>Clicks the button identified by ``locator``.</doc>
<msg timestamp="20230226 00:34:36.143" level="INFO">Clicking button 'login'.</msg>
<status status="PASS" starttime="20230226 00:34:36.142" endtime="20230226 00:34:36.644"/>
</kw>
<status status="PASS" starttime="20230226 00:34:36.089" endtime="20230226 00:34:36.644"/>
</kw>
<kw name="Wait Until Element Is Visible" library="SeleniumLibrary">
<arg>${logout_button}</arg>
<doc>Waits until the element ``locator`` is visible.</doc>
<status status="PASS" starttime="20230226 00:34:36.644" endtime="20230226 00:34:36.669"/>
</kw>
<status status="PASS" starttime="20230226 00:34:31.879" endtime="20230226 00:34:36.669"/>
</kw>
<kw name="Get Text" library="SeleniumLibrary">
<var>${all_tasks}</var>
<arg>${all_tasks_count_prompt}</arg>
<doc>Returns the text value of the element identified by ``locator``.</doc>
<msg timestamp="20230226 00:34:36.694" level="INFO">${all_tasks} = 23</msg>
<status status="PASS" starttime="20230226 00:34:36.669" endtime="20230226 00:34:36.694"/>
</kw>
<kw name="Convert To Integer" library="BuiltIn">
<var>${tasks_count}</var>
<arg>${all_tasks}</arg>
<doc>Converts the given item to an integer number.</doc>
<msg timestamp="20230226 00:34:36.695" level="INFO">${tasks_count} = 23</msg>
<status status="PASS" starttime="20230226 00:34:36.695" endtime="20230226 00:34:36.695"/>
</kw>
<kw name="Create List" library="BuiltIn">
<var>${tasks_list}</var>
<arg>${new_tasks_count_prompt}</arg>
<arg>${reopened_tasks_count_prompt}</arg>
<arg>${in_progress_tasks_count_prompt}</arg>
<arg>${closed_tasks_count_prompt}</arg>
<doc>Returns a list containing given items.</doc>
<msg timestamp="20230226 00:34:36.696" level="INFO">${tasks_list} = ["//*[@class='dsb-content-second'][1]/a/h6", "//*[@class='dsb-content-second'][2]/a/h6", "//*[@class='dsb-content-second'][3]/a/h6", "//*[@class='dsb-content-second'][4]/a/h6"]</msg>
<status status="PASS" starttime="20230226 00:34:36.696" endtime="20230226 00:34:36.696"/>
</kw>
<kw name="Get List Of Text Values" library="resource">
<var>${text_of_task_numbers}</var>
<arg>${tasks_list}</arg>
<kw name="Create List" library="BuiltIn">
<var>@{list_of_text_values}</var>
<doc>Returns a list containing given items.</doc>
<msg timestamp="20230226 00:34:36.698" level="INFO">@{list_of_text_values} = [ ]</msg>
<status status="PASS" starttime="20230226 00:34:36.697" endtime="20230226 00:34:36.698"/>
</kw>
<for flavor="IN">
<var>${element}</var>
<value>@{list_of_elements}</value>
<iter>
<var name="${element}">//*[@class='dsb-content-second'][1]/a/h6</var>
<kw name="Get Text" library="SeleniumLibrary">
<var>${text}</var>
<arg>${element}</arg>
<doc>Returns the text value of the element identified by ``locator``.</doc>
<msg timestamp="20230226 00:34:36.722" level="INFO">${text} = 19</msg>
<status status="PASS" starttime="20230226 00:34:36.698" endtime="20230226 00:34:36.722"/>
</kw>
<kw name="Append To List" library="Collections">
<arg>${list_of_text_values}</arg>
<arg>${text}</arg>
<doc>Adds ``values`` to the end of ``list``.</doc>
<status status="PASS" starttime="20230226 00:34:36.722" endtime="20230226 00:34:36.722"/>
</kw>
<status status="PASS" starttime="20230226 00:34:36.698" endtime="20230226 00:34:36.722"/>
</iter>
<iter>
<var name="${element}">//*[@class='dsb-content-second'][2]/a/h6</var>
<kw name="Get Text" library="SeleniumLibrary">
<var>${text}</var>
<arg>${element}</arg>
<doc>Returns the text value of the element identified by ``locator``.</doc>
<msg timestamp="20230226 00:34:36.729" level="INFO">${text} = 0</msg>
<status status="PASS" starttime="20230226 00:34:36.723" endtime="20230226 00:34:36.729"/>
</kw>
<kw name="Append To List" library="Collections">
<arg>${list_of_text_values}</arg>
<arg>${text}</arg>
<doc>Adds ``values`` to the end of ``list``.</doc>
<status status="PASS" starttime="20230226 00:34:36.729" endtime="20230226 00:34:36.730"/>
</kw>
<status status="PASS" starttime="20230226 00:34:36.723" endtime="20230226 00:34:36.730"/>
</iter>
<iter>
<var name="${element}">//*[@class='dsb-content-second'][3]/a/h6</var>
<kw name="Get Text" library="SeleniumLibrary">
<var>${text}</var>
<arg>${element}</arg>
<doc>Returns the text value of the element identified by ``locator``.</doc>
<msg timestamp="20230226 00:34:36.735" level="INFO">${text} = 2</msg>
<status status="PASS" starttime="20230226 00:34:36.730" endtime="20230226 00:34:36.735"/>
</kw>
<kw name="Append To List" library="Collections">
<arg>${list_of_text_values}</arg>
<arg>${text}</arg>
<doc>Adds ``values`` to the end of ``list``.</doc>
<status status="PASS" starttime="20230226 00:34:36.736" endtime="20230226 00:34:36.736"/>
</kw>
<status status="PASS" starttime="20230226 00:34:36.730" endtime="20230226 00:34:36.736"/>
</iter>
<iter>
<var name="${element}">//*[@class='dsb-content-second'][4]/a/h6</var>
<kw name="Get Text" library="SeleniumLibrary">
<var>${text}</var>
<arg>${element}</arg>
<doc>Returns the text value of the element identified by ``locator``.</doc>
<msg timestamp="20230226 00:34:36.742" level="INFO">${text} = 2</msg>
<status status="PASS" starttime="20230226 00:34:36.736" endtime="20230226 00:34:36.743"/>
</kw>
<kw name="Append To List" library="Collections">
<arg>${list_of_text_values}</arg>
<arg>${text}</arg>
<doc>Adds ``values`` to the end of ``list``.</doc>
<status status="PASS" starttime="20230226 00:34:36.743" endtime="20230226 00:34:36.743"/>
</kw>
<status status="PASS" starttime="20230226 00:34:36.736" endtime="20230226 00:34:36.743"/>
</iter>
<status status="PASS" starttime="20230226 00:34:36.698" endtime="20230226 00:34:36.743"/>
</for>
<msg timestamp="20230226 00:34:36.743" level="INFO">${text_of_task_numbers} = ['19', '0', '2', '2']</msg>
<status status="PASS" starttime="20230226 00:34:36.697" endtime="20230226 00:34:36.743"/>
</kw>
<kw name="Get Sum Of Values From Text List" library="resource">
<var>${sum_of_values}</var>
<arg>${text_of_task_numbers}</arg>
<kw name="Set Variable" library="BuiltIn">
<var>${sum_of_values}</var>
<arg>0</arg>
<doc>Returns the given values which can then be assigned to a variables.</doc>
<msg timestamp="20230226 00:34:36.744" level="INFO">${sum_of_values} = 0</msg>
<status status="PASS" starttime="20230226 00:34:36.744" endtime="20230226 00:34:36.744"/>
</kw>
<for flavor="IN">
<var>${element}</var>
<value>@{list_of_texts}</value>
<iter>
<var name="${element}">19</var>
<kw name="Convert To Integer" library="BuiltIn">
<var>${integer}</var>
<arg>${element}</arg>
<doc>Converts the given item to an integer number.</doc>
<msg timestamp="20230226 00:34:36.744" level="INFO">${integer} = 19</msg>
<status status="PASS" starttime="20230226 00:34:36.744" endtime="20230226 00:34:36.744"/>
</kw>
<kw name="Set Variable" library="BuiltIn">
<var>${sum_of_values}</var>
<arg>${sum_of_values} + ${integer}</arg>
<doc>Returns the given values which can then be assigned to a variables.</doc>
<msg timestamp="20230226 00:34:36.744" level="INFO">${sum_of_values} = 0 + 19</msg>
<status status="PASS" starttime="20230226 00:34:36.744" endtime="20230226 00:34:36.744"/>
</kw>
<status status="PASS" starttime="20230226 00:34:36.744" endtime="20230226 00:34:36.744"/>
</iter>
<iter>
<var name="${element}">0</var>
<kw name="Convert To Integer" library="BuiltIn">
<var>${integer}</var>
<arg>${element}</arg>
<doc>Converts the given item to an integer number.</doc>
<msg timestamp="20230226 00:34:36.745" level="INFO">${integer} = 0</msg>
<status status="PASS" starttime="20230226 00:34:36.745" endtime="20230226 00:34:36.745"/>
</kw>
<kw name="Set Variable" library="BuiltIn">
<var>${sum_of_values}</var>
<arg>${sum_of_values} + ${integer}</arg>
<doc>Returns the given values which can then be assigned to a variables.</doc>
<msg timestamp="20230226 00:34:36.745" level="INFO">${sum_of_values} = 0 + 19 + 0</msg>
<status status="PASS" starttime="20230226 00:34:36.745" endtime="20230226 00:34:36.745"/>
</kw>
<status status="PASS" starttime="20230226 00:34:36.745" endtime="20230226 00:34:36.745"/>
</iter>
<iter>
<var name="${element}">2</var>
<kw name="Convert To Integer" library="BuiltIn">
<var>${integer}</var>
<arg>${element}</arg>
<doc>Converts the given item to an integer number.</doc>
<msg timestamp="20230226 00:34:36.745" level="INFO">${integer} = 2</msg>
<status status="PASS" starttime="20230226 00:34:36.745" endtime="20230226 00:34:36.745"/>
</kw>
<kw name="Set Variable" library="BuiltIn">
<var>${sum_of_values}</var>
<arg>${sum_of_values} + ${integer}</arg>
<doc>Returns the given values which can then be assigned to a variables.</doc>
<msg timestamp="20230226 00:34:36.746" level="INFO">${sum_of_values} = 0 + 19 + 0 + 2</msg>
<status status="PASS" starttime="20230226 00:34:36.746" endtime="20230226 00:34:36.746"/>
</kw>
<status status="PASS" starttime="20230226 00:34:36.745" endtime="20230226 00:34:36.746"/>
</iter>
<iter>
<var name="${element}">2</var>
<kw name="Convert To Integer" library="BuiltIn">
<var>${integer}</var>
<arg>${element}</arg>
<doc>Converts the given item to an integer number.</doc>
<msg timestamp="20230226 00:34:36.746" level="INFO">${integer} = 2</msg>
<status status="PASS" starttime="20230226 00:34:36.746" endtime="20230226 00:34:36.746"/>
</kw>
<kw name="Set Variable" library="BuiltIn">
<var>${sum_of_values}</var>
<arg>${sum_of_values} + ${integer}</arg>
<doc>Returns the given values which can then be assigned to a variables.</doc>
<msg timestamp="20230226 00:34:36.746" level="INFO">${sum_of_values} = 0 + 19 + 0 + 2 + 2</msg>
<status status="PASS" starttime="20230226 00:34:36.746" endtime="20230226 00:34:36.746"/>
</kw>
<status status="PASS" starttime="20230226 00:34:36.746" endtime="20230226 00:34:36.746"/>
</iter>
<status status="PASS" starttime="20230226 00:34:36.744" endtime="20230226 00:34:36.746"/>
</for>
<msg timestamp="20230226 00:34:36.747" level="INFO">${sum_of_values} = 0 + 19 + 0 + 2 + 2</msg>
<status status="PASS" starttime="20230226 00:34:36.743" endtime="20230226 00:34:36.747"/>
</kw>
<kw name="Should Be Equal As Integers" library="BuiltIn">
<arg>${tasks_count}</arg>
<arg>${all_tasks}</arg>
<doc>Fails if objects are unequal after converting them to integers.</doc>
<msg timestamp="20230226 00:34:36.747" level="INFO">Argument types are:
&lt;class 'int'&gt;
&lt;class 'str'&gt;</msg>
<status status="PASS" starttime="20230226 00:34:36.747" endtime="20230226 00:34:36.747"/>
</kw>
<kw name="End Test Case" library="resource" type="TEARDOWN">
<kw name="Close Browser" library="SeleniumLibrary">
<doc>Closes the current browser.</doc>
<status status="PASS" starttime="20230226 00:34:36.747" endtime="20230226 00:34:37.164"/>
</kw>
<status status="PASS" starttime="20230226 00:34:36.747" endtime="20230226 00:34:37.164"/>
</kw>
<status status="PASS" starttime="20230226 00:34:31.878" endtime="20230226 00:34:37.164"/>
</test>
<doc>Test that numbers representing assigned tasks are visible.</doc>
<status status="PASS" starttime="20230226 00:34:05.638" endtime="20230226 00:34:37.165"/>
</suite>
<suite id="s1-s2" name="testLogin" source="/home/pstrkcz/Documents/RobotFmTests/robot-fm-tests/e2e_tests/testLogin.robot">
<test id="s1-s2-t1" name="Validate Succesful Login" line="8">
<kw name="open the browser with the Testarena url" library="resource">
<kw name="Create Webdriver" library="SeleniumLibrary">
<arg>${BROWSER}</arg>
<doc>Creates an instance of Selenium WebDriver.</doc>
<msg timestamp="20230226 00:34:37.172" level="INFO">Creating an instance of the Firefox WebDriver.</msg>
<status status="PASS" starttime="20230226 00:34:37.171" endtime="20230226 00:34:39.581"/>
</kw>
<kw name="Go To" library="SeleniumLibrary">
<arg>${URL}</arg>
<doc>Navigates the current browser window to the provided ``url``.</doc>
<msg timestamp="20230226 00:34:39.581" level="INFO">Opening url 'http://demo.testarena.pl/zaloguj'</msg>
<status status="PASS" starttime="20230226 00:34:39.581" endtime="20230226 00:34:41.384"/>
</kw>
<status status="PASS" starttime="20230226 00:34:37.171" endtime="20230226 00:34:41.385"/>
</kw>
<kw name="fill the login form" library="resource">
<arg>${EMAIL}</arg>
<arg>${PASSWORD}</arg>
<kw name="Input Text" library="SeleniumLibrary">
<arg>${email_field}</arg>
<arg>${email}</arg>
<doc>Types the given ``text`` into the text field identified by ``locator``.</doc>
<msg timestamp="20230226 00:34:41.386" level="INFO">Typing text 'administrator@testarena.pl' into text field 'id:email'.</msg>
<status status="PASS" starttime="20230226 00:34:41.385" endtime="20230226 00:34:41.429"/>
</kw>
<kw name="Input Password" library="SeleniumLibrary">
<arg>${password_field}</arg>
<arg>${password}</arg>
<doc>Types the given password into the text field identified by ``locator``.</doc>
<msg timestamp="20230226 00:34:41.430" level="INFO">Typing password into text field 'id:password'.</msg>
<msg timestamp="20230226 00:34:41.435" level="INFO">Temporally setting log level to: NONE</msg>
<msg timestamp="20230226 00:34:41.442" level="INFO">Log level changed from NONE to INFO.</msg>
<status status="PASS" starttime="20230226 00:34:41.430" endtime="20230226 00:34:41.442"/>
</kw>
<kw name="Click Button" library="SeleniumLibrary">
<arg>${login_button}</arg>
<doc>Clicks the button identified by ``locator``.</doc>
<msg timestamp="20230226 00:34:41.442" level="INFO">Clicking button 'login'.</msg>
<status status="PASS" starttime="20230226 00:34:41.442" endtime="20230226 00:34:41.913"/>
</kw>
<status status="PASS" starttime="20230226 00:34:41.385" endtime="20230226 00:34:41.914"/>
</kw>
<kw name="verify that loging in was sucesfull">
<kw name="Wait Until Element Is Visible" library="SeleniumLibrary">
<arg>${logout_button}</arg>
<doc>Waits until the element ``locator`` is visible.</doc>
<status status="PASS" starttime="20230226 00:34:41.915" endtime="20230226 00:34:41.955"/>
</kw>
<kw name="Element Should Be Visible" library="SeleniumLibrary">
<arg>${logout_button}</arg>
<arg>Logout button is not visible</arg>
<doc>Verifies that the element identified by ``locator`` is visible.</doc>
<msg timestamp="20230226 00:34:41.967" level="INFO">Element 'css:.header_logout' is displayed.</msg>
<status status="PASS" starttime="20230226 00:34:41.955" endtime="20230226 00:34:41.968"/>
</kw>
<status status="PASS" starttime="20230226 00:34:41.915" endtime="20230226 00:34:41.968"/>
</kw>
<kw name="End Test Case" library="resource" type="TEARDOWN">
<kw name="Close Browser" library="SeleniumLibrary">
<doc>Closes the current browser.</doc>
<status status="PASS" starttime="20230226 00:34:41.968" endtime="20230226 00:34:42.400"/>
</kw>
<status status="PASS" starttime="20230226 00:34:41.968" endtime="20230226 00:34:42.400"/>
</kw>
<tag>SMOKE</tag>
<status status="PASS" starttime="20230226 00:34:37.171" endtime="20230226 00:34:42.400"/>
</test>
<test id="s1-s2-t2" name="Validate Unsuccesful Login" line="14">
<kw name="open the browser with the Testarena url" library="resource">
<kw name="Create Webdriver" library="SeleniumLibrary">
<arg>${BROWSER}</arg>
<doc>Creates an instance of Selenium WebDriver.</doc>
<msg timestamp="20230226 00:34:42.401" level="INFO">Creating an instance of the Firefox WebDriver.</msg>
<status status="PASS" starttime="20230226 00:34:42.401" endtime="20230226 00:34:44.765"/>
</kw>
<kw name="Go To" library="SeleniumLibrary">
<arg>${URL}</arg>
<doc>Navigates the current browser window to the provided ``url``.</doc>
<msg timestamp="20230226 00:34:44.766" level="INFO">Opening url 'http://demo.testarena.pl/zaloguj'</msg>
<status status="PASS" starttime="20230226 00:34:44.766" endtime="20230226 00:34:46.476"/>
</kw>
<status status="PASS" starttime="20230226 00:34:42.401" endtime="20230226 00:34:46.476"/>
</kw>
<kw name="fill the login form" library="resource">
<arg>wrong_email@test.pl</arg>
<arg>Wrong password</arg>
<kw name="Input Text" library="SeleniumLibrary">
<arg>${email_field}</arg>
<arg>${email}</arg>
<doc>Types the given ``text`` into the text field identified by ``locator``.</doc>
<msg timestamp="20230226 00:34:46.477" level="INFO">Typing text 'wrong_email@test.pl' into text field 'id:email'.</msg>
<status status="PASS" starttime="20230226 00:34:46.476" endtime="20230226 00:34:46.519"/>
</kw>
<kw name="Input Password" library="SeleniumLibrary">
<arg>${password_field}</arg>
<arg>${password}</arg>
<doc>Types the given password into the text field identified by ``locator``.</doc>
<msg timestamp="20230226 00:34:46.520" level="INFO">Typing password into text field 'id:password'.</msg>
<msg timestamp="20230226 00:34:46.526" level="INFO">Temporally setting log level to: NONE</msg>
<msg timestamp="20230226 00:34:46.534" level="INFO">Log level changed from NONE to INFO.</msg>
<status status="PASS" starttime="20230226 00:34:46.519" endtime="20230226 00:34:46.534"/>
</kw>
<kw name="Click Button" library="SeleniumLibrary">
<arg>${login_button}</arg>
<doc>Clicks the button identified by ``locator``.</doc>
<msg timestamp="20230226 00:34:46.535" level="INFO">Clicking button 'login'.</msg>
<status status="PASS" starttime="20230226 00:34:46.534" endtime="20230226 00:34:46.764"/>
</kw>
<status status="PASS" starttime="20230226 00:34:46.476" endtime="20230226 00:34:46.764"/>
</kw>
<kw name="verify that error message is visible">
<kw name="Wait Until Element Is Visible" library="SeleniumLibrary">
<arg>${login_form_error_prompt}</arg>
<doc>Waits until the element ``locator`` is visible.</doc>
<status status="PASS" starttime="20230226 00:34:46.764" endtime="20230226 00:34:46.783"/>
</kw>
<kw name="Element Should Be Visible" library="SeleniumLibrary">
<arg>${login_form_error_prompt}</arg>
<arg>No error message visible</arg>
<doc>Verifies that the element identified by ``locator`` is visible.</doc>
<msg timestamp="20230226 00:34:46.795" level="INFO">Element 'css:.login_form_error' is displayed.</msg>
<status status="PASS" starttime="20230226 00:34:46.783" endtime="20230226 00:34:46.795"/>
</kw>
<status status="PASS" starttime="20230226 00:34:46.764" endtime="20230226 00:34:46.795"/>
</kw>
<kw name="End Test Case" library="resource" type="TEARDOWN">
<kw name="Close Browser" library="SeleniumLibrary">
<doc>Closes the current browser.</doc>
<status status="PASS" starttime="20230226 00:34:46.796" endtime="20230226 00:34:47.218"/>
</kw>
<status status="PASS" starttime="20230226 00:34:46.795" endtime="20230226 00:34:47.218"/>
</kw>
<tag>SMOKE</tag>
<status status="PASS" starttime="20230226 00:34:42.401" endtime="20230226 00:34:47.218"/>
</test>
<doc>Test loging in from main page.</doc>
<status status="PASS" starttime="20230226 00:34:37.166" endtime="20230226 00:34:47.218"/>
</suite>
<status status="PASS" starttime="20230226 00:34:05.621" endtime="20230226 00:34:47.219"/>
</suite>
<statistics>
<total>
<stat pass="8" fail="0" skip="0">All Tests</stat>
</total>
<tag>
<stat pass="2" fail="0" skip="0">SMOKE</stat>
</tag>
<suite>
<stat pass="8" fail="0" skip="0" id="s1" name="E2E Tests">E2E Tests</stat>
<stat pass="6" fail="0" skip="0" id="s1-s1" name="testAssignedTasks">E2E Tests.testAssignedTasks</stat>
<stat pass="2" fail="0" skip="0" id="s1-s2" name="testLogin">E2E Tests.testLogin</stat>
</suite>
</statistics>
<errors>
</errors>
</robot>
